<?xml version="1.0" encoding="UTF-8"?>
<testng-results skipped="0" failed="0" ignored="0" total="1" passed="1">
  <reporter-output>
  </reporter-output>
  <suite name="Default suite" duration-ms="20029" started-at="2020-12-03T08:23:27 CST" finished-at="2020-12-03T08:23:47 CST">
    <groups>
    </groups>
    <test name="Default test" duration-ms="20029" started-at="2020-12-03T08:23:27 CST" finished-at="2020-12-03T08:23:47 CST">
      <class name="demo02.Demo">
        <test-method status="PASS" signature="test()[pri:0, instance:demo02.Demo@22a67b4]" name="test" duration-ms="20002" started-at="2020-12-03T08:23:27 CST" finished-at="2020-12-03T08:23:47 CST">
          <reporter-output>
          </reporter-output>
        </test-method> <!-- test -->
      </class> <!-- demo02.Demo -->
    </test> <!-- Default test -->
  </suite> <!-- Default suite -->
</testng-results>
