<?xml version="1.0" encoding="UTF-8"?>
<testng-results skipped="0" failed="0" ignored="0" total="1" passed="1">
  <reporter-output>
  </reporter-output>
  <suite name="Suite1" duration-ms="50" started-at="2020-12-02T09:43:53 CST" finished-at="2020-12-02T09:43:53 CST">
    <groups>
    </groups>
    <test name="run" duration-ms="50" started-at="2020-12-02T09:43:53 CST" finished-at="2020-12-02T09:43:53 CST">
      <class name="demo02.demo">
        <test-method status="PASS" signature="test()[pri:0, instance:demo02.demo@2b9627bc]" name="test" duration-ms="8" started-at="2020-12-02T09:43:53 CST" finished-at="2020-12-02T09:43:53 CST">
          <reporter-output>
          </reporter-output>
        </test-method> <!-- test -->
      </class> <!-- demo02.demo -->
    </test> <!-- run -->
  </suite> <!-- Suite1 -->
</testng-results>
