<?xml version="1.0" encoding="UTF-8"?>
<testng-results skipped="0" failed="0" ignored="0" total="1" passed="1">
  <reporter-output>
  </reporter-output>
  <suite name="Suite1" duration-ms="27" started-at="2020-12-03T09:14:55 CST" finished-at="2020-12-03T09:14:55 CST">
    <groups>
    </groups>
    <test name="run" duration-ms="27" started-at="2020-12-03T09:14:55 CST" finished-at="2020-12-03T09:14:55 CST">
      <class name="demo04.Demo">
        <test-method status="PASS" signature="test1()[pri:0, instance:demo04.Demo@61a485d2]" name="test1" duration-ms="3" started-at="2020-12-03T09:14:55 CST" finished-at="2020-12-03T09:14:55 CST">
          <reporter-output>
          </reporter-output>
        </test-method> <!-- test1 -->
      </class> <!-- demo04.Demo -->
    </test> <!-- run -->
  </suite> <!-- Suite1 -->
</testng-results>
