<?xml version="1.0" encoding="UTF-8"?>
<testng-results skipped="0" failed="0" ignored="0" total="1" passed="1">
  <reporter-output>
  </reporter-output>
  <suite name="Suite1" duration-ms="17321" started-at="2020-12-02T14:19:38 CST" finished-at="2020-12-02T14:19:55 CST">
    <groups>
    </groups>
    <test name="run" duration-ms="17321" started-at="2020-12-02T14:19:38 CST" finished-at="2020-12-02T14:19:55 CST">
      <class name="demo02.demo">
        <test-method status="PASS" signature="test()[pri:0, instance:demo02.demo@4590c9c3]" name="test" duration-ms="17285" started-at="2020-12-02T14:19:38 CST" finished-at="2020-12-02T14:19:55 CST">
          <reporter-output>
          </reporter-output>
        </test-method> <!-- test -->
      </class> <!-- demo02.demo -->
    </test> <!-- run -->
  </suite> <!-- Suite1 -->
</testng-results>
