<?xml version="1.0" encoding="UTF-8"?>
<testng-results skipped="0" failed="0" ignored="0" total="1" passed="1">
  <reporter-output>
  </reporter-output>
  <suite name="Suite1" duration-ms="15764" started-at="2020-12-03T08:24:17 CST" finished-at="2020-12-03T08:24:33 CST">
    <groups>
    </groups>
    <test name="run" duration-ms="15764" started-at="2020-12-03T08:24:17 CST" finished-at="2020-12-03T08:24:33 CST">
      <class name="demo02.Demo">
        <test-method status="PASS" signature="test()[pri:0, instance:demo02.Demo@4590c9c3]" name="test" duration-ms="15743" started-at="2020-12-03T08:24:17 CST" finished-at="2020-12-03T08:24:33 CST">
          <reporter-output>
          </reporter-output>
        </test-method> <!-- test -->
      </class> <!-- demo02.Demo -->
    </test> <!-- run -->
  </suite> <!-- Suite1 -->
</testng-results>
